#
# A fatal error has been detected by the Java Runtime Environment:
#
#  SIGFPE (0x8) at pc=0x0000000110dfa8c8, pid=1611, tid=0x0000000000002503
#
# JRE version: Java(TM) SE Runtime Environment (8.0_291-b10) (build 1.8.0_291-b10)
# Java VM: Java HotSpot(TM) 64-Bit Server VM (25.291-b10 mixed mode bsd-amd64 compressed oops)
# Problematic frame:
# j  com.algo.math.A5347.main([Ljava/lang/String;)V+96
#
# Failed to write core dump. Core dumps have been disabled. To enable core dumping, try "ulimit -c unlimited" before starting Java again
#
# If you would like to submit a bug report, please visit:
#   http://bugreport.java.com/bugreport/crash.jsp
#

---------------  T H R E A D  ---------------

Current thread (0x00007fd6b2809800):  JavaThread "main" [_thread_in_Java, id=9475, stack(0x000000030918a000,0x000000030928a000)]

siginfo: si_signo: 8 (SIGFPE), si_code: 5 (FPE_FLTINV), si_addr: 0x0000000110dfa8c8

Registers:
RAX=0x000000000000013b, RBX=0x000000000000006c, RCX=0x0000000000000000, RDX=0x0000000000000000
RSP=0x00000003092899c8, RBP=0x0000000309289a10, RSI=0x0000000309289960, RDI=0x00007fd6b2809800
R8 =0x000000010f722720, R9 =0x0000000000000001, R10=0x000000010f72ba70, R11=0x000000010f71931b
R12=0x0000000000000000, R13=0x0000000129af7dc3, R14=0x0000000309289a58, R15=0x00007fd6b2809800
RIP=0x0000000110dfa8c8, EFLAGS=0x0000000000000a83, ERR=0x0000000000000000
  TRAPNO=0x0000000000000000

Top of Stack: (sp=0x00000003092899c8)
0x00000003092899c8:   000000076ac33e58 00000003092899d0
0x00000003092899d8:   0000000129af7dc0 0000000309289a58
0x00000003092899e8:   0000000129af8028 0000000000000000
0x00000003092899f8:   0000000129af7e50 0000000000000000
0x0000000309289a08:   0000000309289a58 0000000309289ac0
0x0000000309289a18:   0000000110dde7a7 0000000000000015
0x0000000309289a28:   000000000000000f 000000076ac3a1d8
0x0000000309289a38:   0000000000000000 0000000000000003
0x0000000309289a48:   000000076ac33e58 000000076ac2dba8
0x0000000309289a58:   000000076ac2d9d8 00007fd600001fa0
0x0000000309289a68:   0000000129af7e50 0000000309289e88
0x0000000309289a78:   00007fd6b2809800 00007fd6b2809800
0x0000000309289a88:   0000000000000001 0000000309289b30
0x0000000309289a98:   0000000309289e88 000000000000000a
0x0000000309289aa8:   0000000129af7e50 0000000110df1600
0x0000000309289ab8:   0000000309289ce0 0000000309289c30
0x0000000309289ac8:   000000010f2d5933 0000000000000001
0x0000000309289ad8:   00007fd6b2809800 0000000309289bd0
0x0000000309289ae8:   00007fd6b2809800 00007fd6b16059a0
0x0000000309289af8:   00007fd6b1605ae0 00007fd6b1605af0
0x0000000309289b08:   00007fd6b1605bc8 00000000000000d8
0x0000000309289b18:   00007fd6b16059e0 0000000110dde71f
0x0000000309289b28:   0000000309289e08 00007fd6b2809800
0x0000000309289b38:   00007fd6b1606a80 0000000129af7e50
0x0000000309289b48:   0000000000000000 0000000000000000
0x0000000309289b58:   0000000000000000 0000000000000000
0x0000000309289b68:   0000000309289e80 0000000110df1600
0x0000000309289b78:   0000000000003c00 0000000309289ba0
0x0000000309289b88:   0000000129af7e50 00007fd6b2809800
0x0000000309289b98:   0000000129af7e50 00007fd6b2809800
0x0000000309289ba8:   0000000129af7e50 00007fd6b2809800
0x0000000309289bb8:   00007fd6b2809800 0000000309289e80 

Instructions: (pc=0x0000000110dfa8c8)
0x0000000110dfa8a8:   c8 8b 04 24 48 83 c4 08 81 f8 00 00 00 80 0f 85
0x0000000110dfa8b8:   0b 00 00 00 33 d2 83 f9 ff 0f 84 03 00 00 00 99
0x0000000110dfa8c8:   f7 f9 41 0f b6 5d 01 49 ff c5 49 ba 70 ba 72 0f
0x0000000110dfa8d8:   01 00 00 00 41 ff 24 da 80 00 00 00 00 00 00 00 

Register to memory mapping:

RAX=0x000000000000013b is an unknown value
RBX=0x000000000000006c is an unknown value
RCX=0x0000000000000000 is an unknown value
RDX=0x0000000000000000 is an unknown value
RSP=0x00000003092899c8 is pointing into the stack for thread: 0x00007fd6b2809800
RBP=0x0000000309289a10 is pointing into the stack for thread: 0x00007fd6b2809800
RSI=0x0000000309289960 is pointing into the stack for thread: 0x00007fd6b2809800
RDI=0x00007fd6b2809800 is a thread
R8 =0x000000010f722720: _ZN2os16_processor_countE+0 in /Library/Java/JavaVirtualMachines/jdk1.8.0_291.jdk/Contents/Home/jre/lib/server/libjvm.dylib at 0x000000010f000000
R9 =0x0000000000000001 is an unknown value
R10=0x000000010f72ba70: _ZN19TemplateInterpreter13_active_tableE+0x2000 in /Library/Java/JavaVirtualMachines/jdk1.8.0_291.jdk/Contents/Home/jre/lib/server/libjvm.dylib at 0x000000010f000000
R11=0x000000010f71931b: AssumeMP+0 in /Library/Java/JavaVirtualMachines/jdk1.8.0_291.jdk/Contents/Home/jre/lib/server/libjvm.dylib at 0x000000010f000000
R12=0x0000000000000000 is an unknown value
R13=0x0000000129af7dc3 is pointing into metadata
R14=0x0000000309289a58 is pointing into the stack for thread: 0x00007fd6b2809800
R15=0x00007fd6b2809800 is a thread


Stack: [0x000000030918a000,0x000000030928a000],  sp=0x00000003092899c8,  free space=1022k
Native frames: (J=compiled Java code, j=interpreted, Vv=VM code, C=native code)
j  com.algo.math.A5347.main([Ljava/lang/String;)V+96
v  ~StubRoutines::call_stub
V  [libjvm.dylib+0x2d5933]  JavaCalls::call_helper(JavaValue*, methodHandle*, JavaCallArguments*, Thread*)+0x689
V  [libjvm.dylib+0x306266]  jni_invoke_static(JNIEnv_*, JavaValue*, _jobject*, JNICallType, _jmethodID*, JNI_ArgumentPusher*, Thread*)+0x248
V  [libjvm.dylib+0x3098d1]  jni_CallStaticVoidMethod+0x1f6
C  [java+0x3858]  JavaMain+0x9bb
C  [libsystem_pthread.dylib+0x6950]  _pthread_start+0xe0
C  [libsystem_pthread.dylib+0x247b]  thread_start+0xf
C  0x0000000000000000


---------------  P R O C E S S  ---------------

Java Threads: ( => current thread )
  0x00007fd6b3043800 JavaThread "Service Thread" daemon [_thread_blocked, id=23311, stack(0x000000030a4d1000,0x000000030a5d1000)]
  0x00007fd6b2040800 JavaThread "C1 CompilerThread3" daemon [_thread_blocked, id=41219, stack(0x000000030a3ce000,0x000000030a4ce000)]
  0x00007fd691808800 JavaThread "C2 CompilerThread2" daemon [_thread_blocked, id=41731, stack(0x000000030a2cb000,0x000000030a3cb000)]
  0x00007fd6b302a800 JavaThread "C2 CompilerThread1" daemon [_thread_blocked, id=22787, stack(0x000000030a1c8000,0x000000030a2c8000)]
  0x00007fd6b3029800 JavaThread "C2 CompilerThread0" daemon [_thread_blocked, id=42755, stack(0x000000030a0c5000,0x000000030a1c5000)]
  0x00007fd6b3028000 JavaThread "Monitor Ctrl-Break" daemon [_thread_in_native, id=22343, stack(0x0000000309fc2000,0x000000030a0c2000)]
  0x00007fd6b2864000 JavaThread "Signal Dispatcher" daemon [_thread_blocked, id=43267, stack(0x0000000309ebf000,0x0000000309fbf000)]
  0x00007fd6b2016000 JavaThread "Finalizer" daemon [_thread_blocked, id=14115, stack(0x0000000309cab000,0x0000000309dab000)]
  0x00007fd6b2857800 JavaThread "Reference Handler" daemon [_thread_blocked, id=18979, stack(0x0000000309ba8000,0x0000000309ca8000)]
=>0x00007fd6b2809800 JavaThread "main" [_thread_in_Java, id=9475, stack(0x000000030918a000,0x000000030928a000)]

Other Threads:
  0x00007fd6b2857000 VMThread [stack: 0x0000000309aa5000,0x0000000309ba5000] [id=13571]
  0x00007fd6b201f000 WatcherThread [stack: 0x000000030a5d4000,0x000000030a6d4000] [id=24095]

VM state:not at safepoint (normal execution)

VM Mutex/Monitor currently owned by a thread: None

heap address: 0x00000006c0000000, size: 4096 MB, Compressed Oops mode: Zero based, Oop shift amount: 3
Narrow klass base: 0x0000000000000000, Narrow klass shift: 3
Compressed class space size: 1073741824 Address: 0x00000007c0000000

Heap:
 PSYoungGen      total 76288K, used 3932K [0x000000076ab00000, 0x0000000770000000, 0x00000007c0000000)
  eden space 65536K, 6% used [0x000000076ab00000,0x000000076aed70e0,0x000000076eb00000)
  from space 10752K, 0% used [0x000000076f580000,0x000000076f580000,0x0000000770000000)
  to   space 10752K, 0% used [0x000000076eb00000,0x000000076eb00000,0x000000076f580000)
 ParOldGen       total 175104K, used 0K [0x00000006c0000000, 0x00000006cab00000, 0x000000076ab00000)
  object space 175104K, 0% used [0x00000006c0000000,0x00000006c0000000,0x00000006cab00000)
 Metaspace       used 3198K, capacity 4500K, committed 4864K, reserved 1056768K
  class space    used 354K, capacity 388K, committed 512K, reserved 1048576K

Card table byte_map: [0x000000012019e000,0x000000012099f000] byte_map_base: 0x000000011cb9e000

Marking Bits: (ParMarkBitMap*) 0x000000010f723288
 Begin Bits: [0x0000000120ef5000, 0x0000000124ef5000)
 End Bits:   [0x0000000124ef5000, 0x0000000128ef5000)

Polling page: 0x000000010aba8000

CodeCache: size=245760Kb used=1140Kb max_used=1140Kb free=244619Kb
 bounds [0x0000000110dde000, 0x000000011104e000, 0x000000011fdde000]
 total_blobs=289 nmethods=39 adapters=165
 compilation: enabled

Compilation events (10 events):
Event: 0.119 Thread 0x00007fd6b2040800   35       3       java.lang.CharacterData::of (120 bytes)
Event: 0.119 Thread 0x00007fd6b2040800 nmethod 35 0x0000000110ef8750 code [0x0000000110ef8900, 0x0000000110ef8eb0]
Event: 0.119 Thread 0x00007fd6b2040800   36       3       java.lang.CharacterDataLatin1::getProperties (11 bytes)
Event: 0.119 Thread 0x00007fd6b2040800 nmethod 36 0x0000000110ef9110 code [0x0000000110ef9280, 0x0000000110ef9410]
Event: 0.119 Thread 0x00007fd6b2040800   37       3       java.lang.AbstractStringBuilder::append (50 bytes)
Event: 0.119 Thread 0x00007fd6b2040800 nmethod 37 0x0000000110ef9510 code [0x0000000110ef96e0, 0x0000000110ef9e38]
Event: 0.119 Thread 0x00007fd6b2040800   38       3       java.lang.String::getChars (62 bytes)
Event: 0.119 Thread 0x00007fd6b2040800 nmethod 38 0x0000000110efa150 code [0x0000000110efa300, 0x0000000110efa738]
Event: 0.121 Thread 0x00007fd6b2040800   39       3       java.lang.String::<init> (82 bytes)
Event: 0.121 Thread 0x00007fd6b2040800 nmethod 39 0x0000000110efa950 code [0x0000000110efab20, 0x0000000110efb018]

GC Heap History (0 events):
No events

Deoptimization events (0 events):
No events

Classes redefined (0 events):
No events

Internal exceptions (2 events):
Event: 0.029 Thread 0x00007fd6b2809800 Exception <a 'java/lang/NoSuchMethodError': Method sun.misc.Unsafe.defineClass(Ljava/lang/String;[BII)Ljava/lang/Class; name or signature does not match> (0x000000076ab07cc0) thrown at [/System/Volumes/Data/jenkins/workspace/8-2-build-macosx-x86_64/jdk8u2
Event: 0.029 Thread 0x00007fd6b2809800 Exception <a 'java/lang/NoSuchMethodError': Method sun.misc.Unsafe.prefetchRead(Ljava/lang/Object;J)V name or signature does not match> (0x000000076ab07fa8) thrown at [/System/Volumes/Data/jenkins/workspace/8-2-build-macosx-x86_64/jdk8u291/1294/hotspot/sr

Events (10 events):
Event: 0.121 loading class java/net/DefaultInterface
Event: 0.122 loading class java/net/DefaultInterface done
Event: 0.123 loading class java/net/NetworkInterface$2
Event: 0.123 loading class java/net/NetworkInterface$2 done
Event: 0.125 loading class java/net/Socket$2
Event: 0.125 loading class java/net/Socket$2 done
Event: 0.125 loading class java/net/SocketInputStream
Event: 0.125 loading class java/net/SocketInputStream done
Event: 0.126 loading class sun/nio/cs/US_ASCII$Decoder
Event: 0.126 loading class sun/nio/cs/US_ASCII$Decoder done


Dynamic libraries:
0x00007ffdffbad000 	/Library/Apple/usr/libexec/oah/runtime
0x00007fff352a0000 	/System/Library/Frameworks/Cocoa.framework/Versions/A/Cocoa
0x00007fff22148000 	/System/Library/Frameworks/Security.framework/Versions/A/Security
0x00007fff3349d000 	/System/Library/Frameworks/ApplicationServices.framework/Versions/A/ApplicationServices
0x00007fff2a5ee000 	/usr/lib/libz.1.dylib
0x00007fff2a6ba000 	/usr/lib/libSystem.B.dylib
0x00007fff203d9000 	/System/Library/Frameworks/CoreFoundation.framework/Versions/A/CoreFoundation
0x00007fff210bb000 	/System/Library/Frameworks/Foundation.framework/Versions/C/Foundation
0x00007fff201f8000 	/usr/lib/libobjc.A.dylib
0x00007fff22b6f000 	/System/Library/Frameworks/AppKit.framework/Versions/C/AppKit
0x00007fff25a2d000 	/System/Library/Frameworks/CoreData.framework/Versions/A/CoreData
0x00007fff238d2000 	/System/Library/PrivateFrameworks/UIFoundation.framework/Versions/A/UIFoundation
0x00007fff2fe7c000 	/System/Library/PrivateFrameworks/RemoteViewServices.framework/Versions/A/RemoteViewServices
0x00007fff28c09000 	/System/Library/PrivateFrameworks/XCTTargetBootstrap.framework/Versions/A/XCTTargetBootstrap
0x00007fff2b958000 	/usr/lib/libspindump.dylib
0x00007fff23b27000 	/System/Library/Frameworks/UniformTypeIdentifiers.framework/Versions/A/UniformTypeIdentifiers
0x00007fff273df000 	/usr/lib/libapp_launch_measurement.dylib
0x00007fff273e2000 	/System/Library/PrivateFrameworks/CoreAutoLayout.framework/Versions/A/CoreAutoLayout
0x00007fff2856b000 	/System/Library/Frameworks/Metal.framework/Versions/A/Metal
0x00007fff2925f000 	/usr/lib/liblangid.dylib
0x00007fff28c0d000 	/System/Library/PrivateFrameworks/CoreSVG.framework/Versions/A/CoreSVG
0x00007fff24b0e000 	/System/Library/PrivateFrameworks/SkyLight.framework/Versions/A/SkyLight
0x00007fff24e75000 	/System/Library/Frameworks/CoreGraphics.framework/Versions/A/CoreGraphics
0x00007fff304d3000 	/System/Library/Frameworks/Accelerate.framework/Versions/A/Accelerate
0x00007fff2b393000 	/System/Library/PrivateFrameworks/IconServices.framework/Versions/A/IconServices
0x00007fff28550000 	/System/Library/Frameworks/IOSurface.framework/Versions/A/IOSurface
0x00007fff263bf000 	/usr/lib/libDiagnosticMessagesClient.dylib
0x00007fff28bf5000 	/System/Library/PrivateFrameworks/DFRFoundation.framework/Versions/A/DFRFoundation
0x00007fff2249a000 	/usr/lib/libicucore.A.dylib
0x00007fff2ce9d000 	/System/Library/Frameworks/AudioToolbox.framework/Versions/A/AudioToolbox
0x00007fff2c142000 	/System/Library/PrivateFrameworks/DataDetectorsCore.framework/Versions/A/DataDetectorsCore
0x00007fff288f5000 	/System/Library/Frameworks/Carbon.framework/Versions/A/Frameworks/HIToolbox.framework/Versions/A/HIToolbox
0x00007fff26e3a000 	/System/Library/Frameworks/QuartzCore.framework/Versions/A/QuartzCore
0x00007fff2feb8000 	/System/Library/Frameworks/Carbon.framework/Versions/A/Frameworks/SpeechRecognition.framework/Versions/A/SpeechRecognition
0x00007fff27147000 	/System/Library/PrivateFrameworks/CoreUI.framework/Versions/A/CoreUI
0x00007fff21aa3000 	/System/Library/Frameworks/CoreAudio.framework/Versions/A/CoreAudio
0x00007fff264aa000 	/System/Library/Frameworks/DiskArbitration.framework/Versions/A/DiskArbitration
0x00007fff2bd52000 	/System/Library/PrivateFrameworks/MultitouchSupport.framework/Versions/A/MultitouchSupport
0x00007fff2c139000 	/System/Library/PrivateFrameworks/InternationalSupport.framework/Versions/A/InternationalSupport
0x00007fff24a82000 	/usr/lib/libenergytrace.dylib
0x00007fff22a68000 	/System/Library/Frameworks/IOKit.framework/Versions/A/IOKit
0x00007fff30205000 	/System/Library/Frameworks/CoreServices.framework/Versions/A/CoreServices
0x00007fff27375000 	/System/Library/PrivateFrameworks/PerformanceAnalysis.framework/Versions/A/PerformanceAnalysis
0x00007fff6cb7b000 	/System/Library/Frameworks/OpenGL.framework/Versions/A/OpenGL
0x00007fff2c1be000 	/System/Library/PrivateFrameworks/UserActivity.framework/Versions/A/UserActivity
0x00007fff2552f000 	/System/Library/Frameworks/ColorSync.framework/Versions/A/ColorSync
0x00007fff28e76000 	/System/Library/Frameworks/CoreImage.framework/Versions/A/CoreImage
0x00007fff218ba000 	/System/Library/Frameworks/CoreText.framework/Versions/A/CoreText
0x00007fff28c37000 	/System/Library/Frameworks/ImageIO.framework/Versions/A/ImageIO
0x00007fff2a6c0000 	/System/Library/PrivateFrameworks/SoftLinking.framework/Versions/A/SoftLinking
0x00007fff2742b000 	/usr/lib/libxml2.2.dylib
0x00007fff202be000 	/usr/lib/libc++.1.dylib
0x00007fff2a932000 	/usr/lib/libcompression.dylib
0x00007fff24a83000 	/usr/lib/libMobileGestalt.dylib
0x00007fff2c06c000 	/System/Library/PrivateFrameworks/TextureIO.framework/Versions/A/TextureIO
0x00007fff2b020000 	/usr/lib/libate.dylib
0x00007fff2a6b4000 	/usr/lib/system/libcache.dylib
0x00007fff2a670000 	/usr/lib/system/libcommonCrypto.dylib
0x00007fff2a69a000 	/usr/lib/system/libcompiler_rt.dylib
0x00007fff2a68f000 	/usr/lib/system/libcopyfile.dylib
0x00007fff200e6000 	/usr/lib/system/libcorecrypto.dylib
0x00007fff201b3000 	/usr/lib/system/libdispatch.dylib
0x00007fff20368000 	/usr/lib/system/libdyld.dylib
0x00007fff2a6ab000 	/usr/lib/system/libkeymgr.dylib
0x00007fff2dc4f000 	/usr/lib/system/liblaunch.dylib
0x00007fff2a64e000 	/usr/lib/system/libmacho.dylib
0x00007fff29e63000 	/usr/lib/system/libquarantine.dylib
0x00007fff2a6a8000 	/usr/lib/system/libremovefile.dylib
0x00007fff24adf000 	/usr/lib/system/libsystem_asl.dylib
0x00007fff20096000 	/usr/lib/system/libsystem_blocks.dylib
0x00007fff20235000 	/usr/lib/system/libsystem_c.dylib
0x00007fff2a6a2000 	/usr/lib/system/libsystem_collections.dylib
0x00007fff29250000 	/usr/lib/system/libsystem_configuration.dylib
0x00007fff2853f000 	/usr/lib/system/libsystem_containermanager.dylib
0x00007fff2a3e6000 	/usr/lib/system/libsystem_coreservices.dylib
0x00007fff226fc000 	/usr/lib/system/libsystem_darwin.dylib
0x00007fff2a6ac000 	/usr/lib/system/libsystem_dnssd.dylib
0x00007fff20232000 	/usr/lib/system/libsystem_featureflags.dylib
0x00007fff203ad000 	/usr/lib/system/libsystem_info.dylib
0x00007fff2a601000 	/usr/lib/system/libsystem_m.dylib
0x00007fff20186000 	/usr/lib/system/libsystem_malloc.dylib
0x00007fff24a73000 	/usr/lib/system/libsystem_networkextension.dylib
0x00007fff22b17000 	/usr/lib/system/libsystem_notify.dylib
0x00007fff30103000 	/usr/lib/system/libsystem_product_info_filter.dylib
0x00007fff29254000 	/usr/lib/system/libsystem_sandbox.dylib
0x00007fff2a6a5000 	/usr/lib/system/libsystem_secinit.dylib
0x00007fff2032d000 	/usr/lib/system/libsystem_kernel.dylib
0x00007fff203a3000 	/usr/lib/system/libsystem_platform.dylib
0x00007fff2035c000 	/usr/lib/system/libsystem_pthread.dylib
0x00007fff2620d000 	/usr/lib/system/libsystem_symptoms.dylib
0x00007fff200ce000 	/usr/lib/system/libsystem_trace.dylib
0x00007fff2a67c000 	/usr/lib/system/libunwind.dylib
0x00007fff20098000 	/usr/lib/system/libxpc.dylib
0x00007fff20314000 	/usr/lib/libc++abi.dylib
0x00007fff2a687000 	/usr/lib/liboah.dylib
0x00007fff2ad4b000 	/usr/lib/liblzma.5.dylib
0x00007fff20dcf000 	/System/Library/Frameworks/SystemConfiguration.framework/Versions/A/SystemConfiguration
0x00007fff2a6bc000 	/usr/lib/libfakelink.dylib
0x00007fff245d5000 	/System/Library/Frameworks/CFNetwork.framework/Versions/A/CFNetwork
0x00007fff2a7fc000 	/usr/lib/libarchive.2.dylib
0x00007fff20e4d000 	/usr/lib/libCRFSuite.dylib
0x00007fff29e8a000 	/usr/lib/libbsm.0.dylib
0x00007fff23f91000 	/usr/lib/libnetwork.dylib
0x00007fff2a6c1000 	/usr/lib/libpcap.A.dylib
0x00007fff26206000 	/usr/lib/libdns_services.dylib
0x00007fff2ad64000 	/usr/lib/libcoretls_cfhelpers.dylib
0x00007fff2a900000 	/usr/lib/libapple_nghttp2.dylib
0x00007fff2a654000 	/usr/lib/system/libkxld.dylib
0x00007fff25e74000 	/usr/lib/libsqlite3.dylib
0x00007fff2a3c8000 	/System/Library/PrivateFrameworks/AppleFSCompression.framework/Versions/A/AppleFSCompression
0x00007fff29e72000 	/usr/lib/libcoretls.dylib
0x00007fff2a92d000 	/usr/lib/libpam.2.dylib
0x00007fff2ae61000 	/usr/lib/libxar.1.dylib
0x00007fff2925b000 	/System/Library/PrivateFrameworks/AppleSystemInfo.framework/Versions/A/AppleSystemInfo
0x00007fff29ab5000 	/System/Library/PrivateFrameworks/IOMobileFramebuffer.framework/Versions/A/IOMobileFramebuffer
0x00007fff2a3d8000 	/usr/lib/libbz2.1.0.dylib
0x00007fff2a6f9000 	/usr/lib/libiconv.2.dylib
0x00007fff2a64d000 	/usr/lib/libcharset.1.dylib
0x00007fff273b1000 	/System/Library/Frameworks/CoreServices.framework/Versions/A/Frameworks/FSEvents.framework/Versions/A/FSEvents
0x00007fff22706000 	/System/Library/Frameworks/CoreServices.framework/Versions/A/Frameworks/CarbonCore.framework/Versions/A/CarbonCore
0x00007fff2640f000 	/System/Library/Frameworks/CoreServices.framework/Versions/A/Frameworks/Metadata.framework/Versions/A/Metadata
0x00007fff2a3eb000 	/System/Library/Frameworks/CoreServices.framework/Versions/A/Frameworks/OSServices.framework/Versions/A/OSServices
0x00007fff2a86e000 	/System/Library/Frameworks/CoreServices.framework/Versions/A/Frameworks/SearchKit.framework/Versions/A/SearchKit
0x00007fff26190000 	/System/Library/Frameworks/CoreServices.framework/Versions/A/Frameworks/AE.framework/Versions/A/AE
0x00007fff20875000 	/System/Library/Frameworks/CoreServices.framework/Versions/A/Frameworks/LaunchServices.framework/Versions/A/LaunchServices
0x00007fff2acfc000 	/System/Library/Frameworks/CoreServices.framework/Versions/A/Frameworks/DictionaryServices.framework/Versions/A/DictionaryServices
0x00007fff273ba000 	/System/Library/Frameworks/CoreServices.framework/Versions/A/Frameworks/SharedFileList.framework/Versions/A/SharedFileList
0x00007fff29e66000 	/usr/lib/libCheckFix.dylib
0x00007fff24af6000 	/System/Library/PrivateFrameworks/TCC.framework/Versions/A/TCC
0x00007fff29261000 	/System/Library/PrivateFrameworks/CoreNLP.framework/Versions/A/CoreNLP
0x00007fff263c2000 	/System/Library/PrivateFrameworks/MetadataUtilities.framework/Versions/A/MetadataUtilities
0x00007fff20e83000 	/usr/lib/libmecabra.dylib
0x00007fff2a17a000 	/System/Library/Frameworks/MLCompute.framework/Versions/A/MLCompute
0x00007fff29e9b000 	/usr/lib/libmecab.dylib
0x00007fff29ee5000 	/usr/lib/libgermantok.dylib
0x00007fff2a8d6000 	/usr/lib/libThaiTokenizer.dylib
0x00007fff2ae9c000 	/usr/lib/libChineseTokenizer.dylib
0x00007fff2a92b000 	/System/Library/Frameworks/MetalPerformanceShaders.framework/Versions/A/MetalPerformanceShaders
0x00007fff264b1000 	/System/Library/Frameworks/Accelerate.framework/Versions/A/Frameworks/vImage.framework/Versions/A/vImage
0x00007fff301de000 	/System/Library/Frameworks/Accelerate.framework/Versions/A/Frameworks/vecLib.framework/Versions/A/vecLib
0x00007fff2aea7000 	/System/Library/Frameworks/Accelerate.framework/Versions/A/Frameworks/vecLib.framework/Versions/A/libvMisc.dylib
0x00007fff29911000 	/System/Library/Frameworks/Accelerate.framework/Versions/A/Frameworks/vecLib.framework/Versions/A/libvDSP.dylib
0x00007fff20b79000 	/System/Library/Frameworks/Accelerate.framework/Versions/A/Frameworks/vecLib.framework/Versions/A/libBLAS.dylib
0x00007fff2a951000 	/System/Library/Frameworks/Accelerate.framework/Versions/A/Frameworks/vecLib.framework/Versions/A/libLAPACK.dylib
0x00007fff29eeb000 	/System/Library/Frameworks/Accelerate.framework/Versions/A/Frameworks/vecLib.framework/Versions/A/libLinearAlgebra.dylib
0x00007fff2a918000 	/System/Library/Frameworks/Accelerate.framework/Versions/A/Frameworks/vecLib.framework/Versions/A/libSparseBLAS.dylib
0x00007fff2a94b000 	/System/Library/Frameworks/Accelerate.framework/Versions/A/Frameworks/vecLib.framework/Versions/A/libQuadrature.dylib
0x00007fff29309000 	/System/Library/Frameworks/Accelerate.framework/Versions/A/Frameworks/vecLib.framework/Versions/A/libBNNS.dylib
0x00007fff20d60000 	/System/Library/Frameworks/Accelerate.framework/Versions/A/Frameworks/vecLib.framework/Versions/A/libSparse.dylib
0x00007fff291f4000 	/System/Library/Frameworks/MetalPerformanceShaders.framework/Versions/A/Frameworks/MPSCore.framework/Versions/A/MPSCore
0x00007fff2a337000 	/System/Library/Frameworks/MetalPerformanceShaders.framework/Versions/A/Frameworks/MPSImage.framework/Versions/A/MPSImage
0x00007fff29f02000 	/System/Library/Frameworks/MetalPerformanceShaders.framework/Versions/A/Frameworks/MPSNeuralNetwork.framework/Versions/A/MPSNeuralNetwork
0x00007fff2a2c2000 	/System/Library/Frameworks/MetalPerformanceShaders.framework/Versions/A/Frameworks/MPSMatrix.framework/Versions/A/MPSMatrix
0x00007fff2a12a000 	/System/Library/Frameworks/MetalPerformanceShaders.framework/Versions/A/Frameworks/MPSRayIntersector.framework/Versions/A/MPSRayIntersector
0x00007fff2a2f9000 	/System/Library/Frameworks/MetalPerformanceShaders.framework/Versions/A/Frameworks/MPSNDArray.framework/Versions/A/MPSNDArray
0x00007fff20aa5000 	/System/Library/PrivateFrameworks/MetalTools.framework/Versions/A/MetalTools
0x00007fff29259000 	/System/Library/PrivateFrameworks/AggregateDictionary.framework/Versions/A/AggregateDictionary
0x00007fff2639a000 	/System/Library/PrivateFrameworks/CoreAnalytics.framework/Versions/A/CoreAnalytics
0x00007fff2a8d8000 	/System/Library/PrivateFrameworks/AppleSauce.framework/Versions/A/AppleSauce
0x00007fff28562000 	/System/Library/PrivateFrameworks/IOAccelerator.framework/Versions/A/IOAccelerator
0x00007fff6cb6f000 	/System/Library/Frameworks/OpenGL.framework/Versions/A/Libraries/libCoreFSCache.dylib
0x00007fff2141f000 	/System/Library/PrivateFrameworks/LanguageModeling.framework/Versions/A/LanguageModeling
0x00007fff29aa2000 	/System/Library/PrivateFrameworks/CoreEmoji.framework/Versions/A/CoreEmoji
0x00007fff29302000 	/System/Library/PrivateFrameworks/LinguisticData.framework/Versions/A/LinguisticData
0x00007fff20d12000 	/System/Library/PrivateFrameworks/Lexicon.framework/Versions/A/Lexicon
0x00007fff2a7ea000 	/usr/lib/libcmph.dylib
0x00007fff27391000 	/System/Library/Frameworks/OpenDirectory.framework/Versions/A/Frameworks/CFOpenDirectory.framework/Versions/A/CFOpenDirectory
0x00007fff27381000 	/System/Library/Frameworks/OpenDirectory.framework/Versions/A/OpenDirectory
0x00007fff2ad66000 	/System/Library/PrivateFrameworks/APFS.framework/Versions/A/APFS
0x00007fff29dc7000 	/System/Library/Frameworks/SecurityFoundation.framework/Versions/A/SecurityFoundation
0x00007fff2ae6f000 	/usr/lib/libutil.dylib
0x00007fff22a2d000 	/System/Library/PrivateFrameworks/CoreServicesStore.framework/Versions/A/CoreServicesStore
0x00007fff29e5e000 	/System/Library/Frameworks/ServiceManagement.framework/Versions/A/ServiceManagement
0x00007fff2ae73000 	/usr/lib/libxslt.1.dylib
0x00007fff29e54000 	/System/Library/PrivateFrameworks/BackgroundTaskManagement.framework/Versions/A/BackgroundTaskManagement
0x00007fff2bfb7000 	/System/Library/Frameworks/ImageIO.framework/Versions/A/Resources/libRadiance.dylib
0x00007fff2bfc0000 	/System/Library/Frameworks/ImageIO.framework/Versions/A/Resources/libJPEG.dylib
0x00007fff2bf0c000 	/System/Library/Frameworks/ImageIO.framework/Versions/A/Resources/libPng.dylib
0x00007fff2bf33000 	/System/Library/Frameworks/ImageIO.framework/Versions/A/Resources/libTIFF.dylib
0x00007fff2c015000 	/System/Library/Frameworks/ImageIO.framework/Versions/A/Resources/libGIF.dylib
0x00007fff2bc70000 	/System/Library/Frameworks/ImageIO.framework/Versions/A/Resources/libJP2.dylib
0x00007fff2b35a000 	/usr/lib/libexpat.1.dylib
0x00007fff2bc25000 	/System/Library/PrivateFrameworks/AppleJPEG.framework/Versions/A/AppleJPEG
0x00007fff28798000 	/System/Library/PrivateFrameworks/FontServices.framework/libFontParser.dylib
0x00007fff26144000 	/System/Library/PrivateFrameworks/RunningBoardServices.framework/Versions/A/RunningBoardServices
0x00007fff2bd4e000 	/System/Library/PrivateFrameworks/WatchdogClient.framework/Versions/A/WatchdogClient
0x00007fff2150c000 	/System/Library/Frameworks/CoreDisplay.framework/Versions/A/CoreDisplay
0x00007fff286ae000 	/System/Library/Frameworks/CoreMedia.framework/Versions/A/CoreMedia
0x00007fff2750e000 	/System/Library/Frameworks/CoreVideo.framework/Versions/A/CoreVideo
0x00007fff2bd86000 	/System/Library/Frameworks/VideoToolbox.framework/Versions/A/VideoToolbox
0x00007fff260c2000 	/System/Library/PrivateFrameworks/BaseBoard.framework/Versions/A/BaseBoard
0x00007fff2b49f000 	/System/Library/PrivateFrameworks/PersistentConnection.framework/Versions/A/PersistentConnection
0x00007fff25e5d000 	/System/Library/PrivateFrameworks/ProtocolBuffer.framework/Versions/A/ProtocolBuffer
0x00007fff260a9000 	/System/Library/PrivateFrameworks/CommonUtilities.framework/Versions/A/CommonUtilities
0x00007fff2bbba000 	/System/Library/PrivateFrameworks/Bom.framework/Versions/A/Bom
0x00007fff2bfb0000 	/System/Library/PrivateFrameworks/GPUWrangler.framework/Versions/A/GPUWrangler
0x00007fff2bf93000 	/System/Library/PrivateFrameworks/IOPresentment.framework/Versions/A/IOPresentment
0x00007fff2bfba000 	/System/Library/PrivateFrameworks/DSExternalDisplay.framework/Versions/A/DSExternalDisplay
0x00007fff2c01a000 	/System/Library/PrivateFrameworks/CMCaptureCore.framework/Versions/A/CMCaptureCore
0x00007fff2b93f000 	/System/Library/PrivateFrameworks/AppServerSupport.framework/Versions/A/AppServerSupport
0x00007fff2d9ee000 	/System/Library/PrivateFrameworks/perfdata.framework/Versions/A/perfdata
0x00007fff29db6000 	/System/Library/PrivateFrameworks/AssertionServices.framework/Versions/A/AssertionServices
0x00007fff21643000 	/System/Library/PrivateFrameworks/AudioToolboxCore.framework/Versions/A/AudioToolboxCore
0x00007fff28691000 	/System/Library/PrivateFrameworks/caulk.framework/Versions/A/caulk
0x00007fff3d699000 	/System/Library/PrivateFrameworks/SystemPolicy.framework/Versions/A/SystemPolicy
0x00007fff2b14f000 	/usr/lib/libIOReport.dylib
0x00007fff2d210000 	/usr/lib/libSMC.dylib
0x00007fff2bed9000 	/usr/lib/libAudioToolboxUtility.dylib
0x00007fff3e003000 	/usr/lib/libmis.dylib
0x00007fff6cbcb000 	/System/Library/Frameworks/OpenGL.framework/Versions/A/Libraries/libGLU.dylib
0x00007fff6cb8e000 	/System/Library/Frameworks/OpenGL.framework/Versions/A/Libraries/libGFXShared.dylib
0x00007fff6cd9d000 	/System/Library/Frameworks/OpenGL.framework/Versions/A/Libraries/libGL.dylib
0x00007fff6cb97000 	/System/Library/Frameworks/OpenGL.framework/Versions/A/Libraries/libGLImage.dylib
0x00007fff6cb8b000 	/System/Library/Frameworks/OpenGL.framework/Versions/A/Libraries/libCVMSPluginSupport.dylib
0x00007fff6cb76000 	/System/Library/Frameworks/OpenGL.framework/Versions/A/Libraries/libCoreVMClient.dylib
0x00007fff6e1de000 	/System/Library/Frameworks/OpenCL.framework/Versions/A/OpenCL
0x00007fff2b4c9000 	/System/Library/PrivateFrameworks/GraphVisualizer.framework/Versions/A/GraphVisualizer
0x00007fff2b4d8000 	/System/Library/PrivateFrameworks/FaceCore.framework/Versions/A/FaceCore
0x00007fff2b8f4000 	/System/Library/PrivateFrameworks/OTSVG.framework/Versions/A/OTSVG
0x00007fff27105000 	/System/Library/Frameworks/ApplicationServices.framework/Versions/A/Frameworks/ATS.framework/Versions/A/Resources/libFontRegistry.dylib
0x00007fff2b946000 	/System/Library/PrivateFrameworks/FontServices.framework/libhvf.dylib
0x00007fff2b306000 	/System/Library/PrivateFrameworks/AppleVA.framework/Versions/A/AppleVA
0x00007fff2d059000 	/System/Library/Frameworks/ApplicationServices.framework/Versions/A/Frameworks/ATS.framework/Versions/A/ATS
0x00007fff2d36b000 	/System/Library/Frameworks/ApplicationServices.framework/Versions/A/Frameworks/ColorSyncLegacy.framework/Versions/A/ColorSyncLegacy
0x00007fff25626000 	/System/Library/Frameworks/ApplicationServices.framework/Versions/A/Frameworks/HIServices.framework/Versions/A/HIServices
0x00007fff2d350000 	/System/Library/Frameworks/ApplicationServices.framework/Versions/A/Frameworks/LangAnalysis.framework/Versions/A/LangAnalysis
0x00007fff2c024000 	/System/Library/Frameworks/ApplicationServices.framework/Versions/A/Frameworks/PrintCore.framework/Versions/A/PrintCore
0x00007fff2d373000 	/System/Library/Frameworks/ApplicationServices.framework/Versions/A/Frameworks/QD.framework/Versions/A/QD
0x00007fff2d049000 	/System/Library/Frameworks/ApplicationServices.framework/Versions/A/Frameworks/SpeechSynthesis.framework/Versions/A/SpeechSynthesis
0x00007fff2bfe5000 	/System/Library/Frameworks/ApplicationServices.framework/Versions/A/Frameworks/ATSUI.framework/Versions/A/ATSUI
0x00007fff2d2f0000 	/usr/lib/libcups.2.dylib
0x00007fff2d360000 	/System/Library/PrivateFrameworks/NetAuth.framework/Versions/A/NetAuth
0x00007fff2da0a000 	/System/Library/Frameworks/Kerberos.framework/Versions/A/Kerberos
0x00007fff2da1a000 	/System/Library/Frameworks/GSS.framework/Versions/A/GSS
0x00007fff2d0c5000 	/usr/lib/libresolv.9.dylib
0x00007fff2b95b000 	/System/Library/PrivateFrameworks/Heimdal.framework/Versions/A/Heimdal
0x00007fff3379e000 	/System/Library/Frameworks/Kerberos.framework/Versions/A/Libraries/libHeimdalProxy.dylib
0x00007fff26215000 	/System/Library/Frameworks/Network.framework/Versions/A/Network
0x00007fff2b374000 	/usr/lib/libheimdal-asn1.dylib
0x00007fff2da6a000 	/System/Library/PrivateFrameworks/CommonAuth.framework/Versions/A/CommonAuth
0x00007fff2755b000 	/System/Library/PrivateFrameworks/login.framework/Versions/A/Frameworks/loginsupport.framework/Versions/A/loginsupport
0x00007fff2cfce000 	/System/Library/PrivateFrameworks/AudioSession.framework/Versions/A/AudioSession
0x00007fff2d036000 	/usr/lib/libAudioStatistics.dylib
0x00007fff2b401000 	/System/Library/PrivateFrameworks/MediaExperience.framework/Versions/A/MediaExperience
0x00007fff2ce6b000 	/System/Library/PrivateFrameworks/AudioSession.framework/libSessionUtility.dylib
0x00007fff2d9fb000 	/usr/lib/libperfcheck.dylib
0x00007fff2d37f000 	/System/Library/PrivateFrameworks/AudioResourceArbitration.framework/Versions/A/AudioResourceArbitration
0x00007fff2b37e000 	/System/Library/PrivateFrameworks/IconFoundation.framework/Versions/A/IconFoundation
0x00007fff2fea8000 	/System/Library/PrivateFrameworks/SpeechRecognitionCore.framework/Versions/A/SpeechRecognitionCore
0x00007fff5dfa5000 	/System/Library/CoreServices/Encodings/libKoreanConverter.dylib
0x000000010f000000 	/Library/Java/JavaVirtualMachines/jdk1.8.0_291.jdk/Contents/Home/jre/lib/server/libjvm.dylib
0x000000010ab0c000 	/Library/Java/JavaVirtualMachines/jdk1.8.0_291.jdk/Contents/Home/jre/lib/libverify.dylib
0x000000010ab31000 	/Library/Java/JavaVirtualMachines/jdk1.8.0_291.jdk/Contents/Home/jre/lib/libjava.dylib
0x000000010aba9000 	/Library/Java/JavaVirtualMachines/jdk1.8.0_291.jdk/Contents/Home/jre/lib/libinstrument.dylib
0x000000010ac46000 	/Library/Java/JavaVirtualMachines/jdk1.8.0_291.jdk/Contents/Home/jre/lib/libzip.dylib
0x000000012bc33000 	/Library/Java/JavaVirtualMachines/jdk1.8.0_291.jdk/Contents/Home/jre/lib/libnet.dylib

VM Arguments:
jvm_args: -javaagent:/Applications/IntelliJ IDEA CE.app/Contents/lib/idea_rt.jar=50614:/Applications/IntelliJ IDEA CE.app/Contents/bin -Dfile.encoding=UTF-8 
java_command: com.algo.math.A5347
java_class_path (initial): /Library/Java/JavaVirtualMachines/jdk1.8.0_291.jdk/Contents/Home/jre/lib/charsets.jar:/Library/Java/JavaVirtualMachines/jdk1.8.0_291.jdk/Contents/Home/jre/lib/deploy.jar:/Library/Java/JavaVirtualMachines/jdk1.8.0_291.jdk/Contents/Home/jre/lib/ext/cldrdata.jar:/Library/Java/JavaVirtualMachines/jdk1.8.0_291.jdk/Contents/Home/jre/lib/ext/dnsns.jar:/Library/Java/JavaVirtualMachines/jdk1.8.0_291.jdk/Contents/Home/jre/lib/ext/jaccess.jar:/Library/Java/JavaVirtualMachines/jdk1.8.0_291.jdk/Contents/Home/jre/lib/ext/jfxrt.jar:/Library/Java/JavaVirtualMachines/jdk1.8.0_291.jdk/Contents/Home/jre/lib/ext/localedata.jar:/Library/Java/JavaVirtualMachines/jdk1.8.0_291.jdk/Contents/Home/jre/lib/ext/nashorn.jar:/Library/Java/JavaVirtualMachines/jdk1.8.0_291.jdk/Contents/Home/jre/lib/ext/sunec.jar:/Library/Java/JavaVirtualMachines/jdk1.8.0_291.jdk/Contents/Home/jre/lib/ext/sunjce_provider.jar:/Library/Java/JavaVirtualMachines/jdk1.8.0_291.jdk/Contents/Home/jre/lib/ext/sunpkcs11.jar:/Library/Java/JavaVirtualMachines/jdk1.8.0_291.jdk/Contents/Home/jre/lib/ext/zipfs.jar:/Library/Java/JavaVirtualMachines/jdk1.8.0_291.jdk/Contents/Home/jre/lib/javaws.jar:/Library/Java/JavaVirtualMachines/jdk1.8.0_291.jdk/Contents/Home/jre/lib/jce.jar:/Library/Java/JavaVirtualMachines/jdk1.8.0_291.jdk/Contents/Home/jre/lib/jfr.jar:/Library/Java/JavaVirtualMachines/jdk1.8.0_291.jdk/Contents/Home/jre/lib/jfxswt.jar:/Library/Java/JavaVirtualMachines/jdk1.8.0_291.jdk/Contents/Home/jre/lib/jsse.jar:/Library/Java/JavaVirtualMachines/jdk1.8.0_291.jdk/Contents/Home/jre/lib/management-agent.jar:/Library/Java/JavaVirtualMachines/jdk1.8.0_291.jdk/Contents/Home/jre/lib/plugin.jar:/Library/Java/JavaVirtualMachines/jdk1.8.0_291.jdk/Contents/Home/jre/lib/resources.jar:/Library/Java/JavaVirtualMachines/jdk1.8.0_291.jdk/Contents/Home/jre/lib/rt.jar:/Library/Java/JavaVirtualMachines/jdk1.8.0_291.jdk/Contents/Home/lib/ant-javafx.jar:/Library/Java/JavaVirtualMachines/jdk1.8.0_291.jdk/Contents/Home
Launcher Type: SUN_STANDARD

Environment Variables:
JAVA_HOME=/Library/Java/JavaVirtualMachines/jdk1.8.0_291.jdk/Contents/Home
PATH=/opt/homebrew/bin:/usr/local/bin:/usr/bin:/bin:/usr/sbin:/sbin
SHELL=/bin/zsh

Signal Handlers:
SIGSEGV: [libjvm.dylib+0x59afc1], sa_mask[0]=11111111111111111111111111111111, sa_flags=SA_ONSTACK|SA_RESTART|SA_SIGINFO
SIGBUS: [libjvm.dylib+0x59afc1], sa_mask[0]=11111111111111111111111111111111, sa_flags=SA_RESTART|SA_SIGINFO
SIGFPE: [libjvm.dylib+0x48e907], sa_mask[0]=11111111111111111111111111111111, sa_flags=SA_RESTART|SA_SIGINFO
SIGPIPE: [libjvm.dylib+0x48e907], sa_mask[0]=11111111111111111111111111111111, sa_flags=SA_RESTART|SA_SIGINFO
SIGXFSZ: [libjvm.dylib+0x48e907], sa_mask[0]=11111111111111111111111111111111, sa_flags=SA_RESTART|SA_SIGINFO
SIGILL: [libjvm.dylib+0x48e907], sa_mask[0]=11111111111111111111111111111111, sa_flags=SA_RESTART|SA_SIGINFO
SIGUSR1: SIG_DFL, sa_mask[0]=00000000000000000000000000000000, sa_flags=none
SIGUSR2: [libjvm.dylib+0x48f1f6], sa_mask[0]=00100000000000000000000000000000, sa_flags=SA_RESTART|SA_SIGINFO
SIGHUP: [libjvm.dylib+0x48d453], sa_mask[0]=11111111111111111111111111111111, sa_flags=SA_RESTART|SA_SIGINFO
SIGINT: [libjvm.dylib+0x48d453], sa_mask[0]=11111111111111111111111111111111, sa_flags=SA_RESTART|SA_SIGINFO
SIGTERM: [libjvm.dylib+0x48d453], sa_mask[0]=11111111111111111111111111111111, sa_flags=SA_RESTART|SA_SIGINFO
SIGQUIT: [libjvm.dylib+0x48d453], sa_mask[0]=11111111111111111111111111111111, sa_flags=SA_RESTART|SA_SIGINFO


---------------  S Y S T E M  ---------------

OS:Bsduname:Darwin 20.3.0 Darwin Kernel Version 20.3.0: Thu Jan 21 00:06:51 PST 2021; root:xnu-7195.81.3~1/RELEASE_ARM64_T8101 x86_64
rlimit: STACK 8176k, CORE 0k, NPROC 2666, NOFILE 10240, AS infinity
load average:3.00 2.08 1.79

CPU:total 8 (initial active 8) (1 cores per cpu, 1 threads per core) family 6 model 44 stepping 0, cmov, cx8, fxsr, mmx, sse, sse2, sse3, ssse3, sse4.1, sse4.2, popcnt, aes, clmul, tsc, tscinvbit, tscinv

Memory: 4k page, physical 16777216k(85560k free)

/proc/meminfo:


vm_info: Java HotSpot(TM) 64-Bit Server VM (25.291-b10) for bsd-amd64 JRE (1.8.0_291-b10), built on Apr  8 2021 02:17:24 by "java_re" with gcc 4.2.1 Compatible Apple LLVM 11.0.0 (clang-1100.0.33.17)

time: Thu May 27 14:27:38 2021
timezone: KST
elapsed time: 0.714186 seconds (0d 0h 0m 0s)

