#
# A fatal error has been detected by the Java Runtime Environment:
#
#  SIGFPE (0x8) at pc=0x00000001105faa68, pid=1444, tid=0x0000000000001c03
#
# JRE version: Java(TM) SE Runtime Environment (8.0_291-b10) (build 1.8.0_291-b10)
# Java VM: Java HotSpot(TM) 64-Bit Server VM (25.291-b10 mixed mode bsd-amd64 compressed oops)
# Problematic frame:
# j  com.algo.twopointer.A15961.main([Ljava/lang/String;)V+101
#
# Failed to write core dump. Core dumps have been disabled. To enable core dumping, try "ulimit -c unlimited" before starting Java again
#
# If you would like to submit a bug report, please visit:
#   http://bugreport.java.com/bugreport/crash.jsp
#

---------------  T H R E A D  ---------------

Current thread (0x00007ff9b3808800):  JavaThread "main" [_thread_in_Java, id=7171, stack(0x0000000308941000,0x0000000308a41000)]

siginfo: si_signo: 8 (SIGFPE), si_code: 5 (FPE_FLTINV), si_addr: 0x00000001105faa68

Registers:
RAX=0x0000000000000008, RBX=0x0000000000000070, RCX=0x0000000000000000, RDX=0x0000000000000000
RSP=0x0000000308a409a0, RBP=0x0000000308a409e0, RSI=0x0000000308a40940, RDI=0x000000076ac34500
R8 =0x0000000000000000, R9 =0x0000000000000000, R10=0x000000010ef2ba70, R11=0x00000001106ed380
R12=0x0000000000000000, R13=0x000000012934cde6, R14=0x0000000308a40a58, R15=0x00007ff9b3808800
RIP=0x00000001105faa68, EFLAGS=0x0000000000000a83, ERR=0x0000000000000000
  TRAPNO=0x0000000000000000

Top of Stack: (sp=0x0000000308a409a0)
0x0000000308a409a0:   0000000308a409a0 000000012934cdc5
0x0000000308a409b0:   0000000308a40a58 000000012934d028
0x0000000308a409c0:   0000000000000000 000000012934cf30
0x0000000308a409d0:   0000000000000000 0000000308a40a58
0x0000000308a409e0:   0000000308a40ac0 00000001105de7a7
0x0000000308a409f0:   0000000000000000 0000000000000000
0x0000000308a40a00:   0000000000000000 0000000000000000
0x0000000308a40a10:   0000000000000000 000000076ac344f0
0x0000000308a40a20:   000000076ac340a8 000000000000001e
0x0000000308a40a30:   0000000000000004 000000000000001e
0x0000000308a40a40:   0000000000000008 000000076ac33f10
0x0000000308a40a50:   000000076ac2dc40 000000076ac2d710
0x0000000308a40a60:   00007ff900001fa0 000000012934cf30
0x0000000308a40a70:   0000000308a40e88 00007ff9b3808800
0x0000000308a40a80:   00007ff9b3808800 0000000000000001
0x0000000308a40a90:   0000000308a40b30 0000000308a40e88
0x0000000308a40aa0:   000000000000000a 000000012934cf30
0x0000000308a40ab0:   00000001105f1600 0000000308a40ce0
0x0000000308a40ac0:   0000000308a40c30 000000010ead5933
0x0000000308a40ad0:   0000000000000001 00007ff9b3808800
0x0000000308a40ae0:   0000000308a40bd0 00007ff9b3808800
0x0000000308a40af0:   00007ff9b4007120 00007ff9b4007160
0x0000000308a40b00:   00007ff9b4007170 00007ff9b4007248
0x0000000308a40b10:   00000000000000d8 00007ff9b4007270
0x0000000308a40b20:   00000001105de71f 0000000308a40e08
0x0000000308a40b30:   00007ff9b3808800 00007ff9b4007e60
0x0000000308a40b40:   000000012934cf30 0000000000000000
0x0000000308a40b50:   0000000000000000 0000000000000000
0x0000000308a40b60:   0000000000000000 0000000308a40e80
0x0000000308a40b70:   00000001105f1600 0000000000003200
0x0000000308a40b80:   0000000308a40ba0 000000012934cf30
0x0000000308a40b90:   00007ff9b3808800 000000012934cf30 

Instructions: (pc=0x00000001105faa68)
0x00000001105faa48:   c8 8b 04 24 48 83 c4 08 81 f8 00 00 00 80 0f 85
0x00000001105faa58:   0b 00 00 00 33 d2 83 f9 ff 0f 84 03 00 00 00 99
0x00000001105faa68:   f7 f9 8b c2 41 0f b6 5d 01 49 ff c5 49 ba 70 ba
0x00000001105faa78:   f2 0e 01 00 00 00 41 ff 24 da 66 0f 1f 44 00 00 

Register to memory mapping:

RAX=0x0000000000000008 is an unknown value
RBX=0x0000000000000070 is an unknown value
RCX=0x0000000000000000 is an unknown value
RDX=0x0000000000000000 is an unknown value
RSP=0x0000000308a409a0 is pointing into the stack for thread: 0x00007ff9b3808800
RBP=0x0000000308a409e0 is pointing into the stack for thread: 0x00007ff9b3808800
RSI=0x0000000308a40940 is pointing into the stack for thread: 0x00007ff9b3808800
RDI=0x000000076ac34500 is an oop
java.util.HashMap 
 - klass: 'java/util/HashMap'
R8 =0x0000000000000000 is an unknown value
R9 =0x0000000000000000 is an unknown value
R10=0x000000010ef2ba70: _ZN19TemplateInterpreter13_active_tableE+0x2000 in /Library/Java/JavaVirtualMachines/jdk1.8.0_291.jdk/Contents/Home/jre/lib/server/libjvm.dylib at 0x000000010e800000
R11=0x00000001106ed380 is at entry_point+32 in (nmethod*)0x00000001106ed210
R12=0x0000000000000000 is an unknown value
R13=0x000000012934cde6 is pointing into metadata
R14=0x0000000308a40a58 is pointing into the stack for thread: 0x00007ff9b3808800
R15=0x00007ff9b3808800 is a thread


Stack: [0x0000000308941000,0x0000000308a41000],  sp=0x0000000308a409a0,  free space=1022k
Native frames: (J=compiled Java code, j=interpreted, Vv=VM code, C=native code)
j  com.algo.twopointer.A15961.main([Ljava/lang/String;)V+101
v  ~StubRoutines::call_stub
V  [libjvm.dylib+0x2d5933]  JavaCalls::call_helper(JavaValue*, methodHandle*, JavaCallArguments*, Thread*)+0x689
V  [libjvm.dylib+0x306266]  jni_invoke_static(JNIEnv_*, JavaValue*, _jobject*, JNICallType, _jmethodID*, JNI_ArgumentPusher*, Thread*)+0x248
V  [libjvm.dylib+0x3098d1]  jni_CallStaticVoidMethod+0x1f6
C  [java+0x3858]  JavaMain+0x9bb
C  [libsystem_pthread.dylib+0x6950]  _pthread_start+0xe0
C  [libsystem_pthread.dylib+0x247b]  thread_start+0xf
C  0x0000000000000000


---------------  P R O C E S S  ---------------

Java Threads: ( => current thread )
  0x00007ff9b486f000 JavaThread "Attach Listener" daemon [_thread_blocked, id=26115, stack(0x0000000309e8b000,0x0000000309f8b000)]
  0x00007ff9928cd800 JavaThread "Service Thread" daemon [_thread_blocked, id=41743, stack(0x0000000309c85000,0x0000000309d85000)]
  0x00007ff9b5814000 JavaThread "C1 CompilerThread3" daemon [_thread_blocked, id=23555, stack(0x0000000309b82000,0x0000000309c82000)]
  0x00007ff9b282a800 JavaThread "C2 CompilerThread2" daemon [_thread_blocked, id=23299, stack(0x0000000309a7f000,0x0000000309b7f000)]
  0x00007ff9b2829800 JavaThread "C2 CompilerThread1" daemon [_thread_blocked, id=22787, stack(0x000000030997c000,0x0000000309a7c000)]
  0x00007ff9b2829000 JavaThread "C2 CompilerThread0" daemon [_thread_blocked, id=22531, stack(0x0000000309879000,0x0000000309979000)]
  0x00007ff9928c4000 JavaThread "Monitor Ctrl-Break" daemon [_thread_in_native, id=42763, stack(0x0000000309776000,0x0000000309876000)]
  0x00007ff9b480b000 JavaThread "Signal Dispatcher" daemon [_thread_blocked, id=43267, stack(0x0000000309673000,0x0000000309773000)]
  0x00007ff99280d000 JavaThread "Finalizer" daemon [_thread_blocked, id=13599, stack(0x0000000309462000,0x0000000309562000)]
  0x00007ff99280c800 JavaThread "Reference Handler" daemon [_thread_blocked, id=18723, stack(0x000000030935f000,0x000000030945f000)]
=>0x00007ff9b3808800 JavaThread "main" [_thread_in_Java, id=7171, stack(0x0000000308941000,0x0000000308a41000)]

Other Threads:
  0x00007ff9b281c000 VMThread [stack: 0x000000030925c000,0x000000030935c000] [id=13315]
  0x00007ff9b500c800 WatcherThread [stack: 0x0000000309d88000,0x0000000309e88000] [id=25367]

VM state:not at safepoint (normal execution)

VM Mutex/Monitor currently owned by a thread: None

heap address: 0x00000006c0000000, size: 4096 MB, Compressed Oops mode: Zero based, Oop shift amount: 3
Narrow klass base: 0x0000000000000000, Narrow klass shift: 3
Compressed class space size: 1073741824 Address: 0x00000007c0000000

Heap:
 PSYoungGen      total 76288K, used 6554K [0x000000076ab00000, 0x0000000770000000, 0x00000007c0000000)
  eden space 65536K, 10% used [0x000000076ab00000,0x000000076b166830,0x000000076eb00000)
  from space 10752K, 0% used [0x000000076f580000,0x000000076f580000,0x0000000770000000)
  to   space 10752K, 0% used [0x000000076eb00000,0x000000076eb00000,0x000000076f580000)
 ParOldGen       total 175104K, used 0K [0x00000006c0000000, 0x00000006cab00000, 0x000000076ab00000)
  object space 175104K, 0% used [0x00000006c0000000,0x00000006c0000000,0x00000006cab00000)
 Metaspace       used 3698K, capacity 4540K, committed 4864K, reserved 1056768K
  class space    used 414K, capacity 428K, committed 512K, reserved 1048576K

Card table byte_map: [0x000000011f99e000,0x000000012019f000] byte_map_base: 0x000000011c39e000

Marking Bits: (ParMarkBitMap*) 0x000000010ef23288
 Begin Bits: [0x00000001206fa000, 0x00000001246fa000)
 End Bits:   [0x00000001246fa000, 0x00000001286fa000)

Polling page: 0x000000010a6f6000

CodeCache: size=245760Kb used=1240Kb max_used=1252Kb free=244519Kb
 bounds [0x00000001105de000, 0x000000011084e000, 0x000000011f5de000]
 total_blobs=342 nmethods=82 adapters=175
 compilation: enabled

Compilation events (10 events):
Event: 1.230 Thread 0x00007ff9b5814000   78       3       java.util.LinkedHashMap::afterNodeInsertion (40 bytes)
Event: 1.231 Thread 0x00007ff9b5814000 nmethod 78 0x00000001107119d0 code [0x0000000110711b80, 0x00000001107120c8]
Event: 1.231 Thread 0x00007ff9b5814000   79  s    3       java.util.Hashtable::get (69 bytes)
Event: 1.231 Thread 0x00007ff9b5814000 nmethod 79 0x0000000110712250 code [0x0000000110712400, 0x0000000110712a38]
Event: 1.231 Thread 0x00007ff9b5814000   80  s    3       java.lang.StringBuffer::append (13 bytes)
Event: 1.231 Thread 0x00007ff9b5814000 nmethod 80 0x0000000110712c90 code [0x0000000110712e40, 0x0000000110713558]
Event: 1.231 Thread 0x00007ff9b5814000   81       3       java.lang.AbstractStringBuilder::<init> (12 bytes)
Event: 1.231 Thread 0x00007ff9b5814000 nmethod 81 0x0000000110713910 code [0x0000000110713a80, 0x0000000110713cd0]
Event: 1.232 Thread 0x00007ff9b2829000   82  s    4       java.lang.StringBuffer::append (13 bytes)
Event: 1.236 Thread 0x00007ff9b2829000 nmethod 82 0x0000000110716f10 code [0x0000000110717080, 0x0000000110717608]

GC Heap History (0 events):
No events

Deoptimization events (0 events):
No events

Classes redefined (0 events):
No events

Internal exceptions (6 events):
Event: 0.035 Thread 0x00007ff9b3808800 Exception <a 'java/lang/NoSuchMethodError': Method sun.misc.Unsafe.defineClass(Ljava/lang/String;[BII)Ljava/lang/Class; name or signature does not match> (0x000000076ab07cc0) thrown at [/System/Volumes/Data/jenkins/workspace/8-2-build-macosx-x86_64/jdk8u2
Event: 0.035 Thread 0x00007ff9b3808800 Exception <a 'java/lang/NoSuchMethodError': Method sun.misc.Unsafe.prefetchRead(Ljava/lang/Object;J)V name or signature does not match> (0x000000076ab07fa8) thrown at [/System/Volumes/Data/jenkins/workspace/8-2-build-macosx-x86_64/jdk8u291/1294/hotspot/sr
Event: 1.223 Thread 0x00007ff9b486f000 Exception <a 'java/security/PrivilegedActionException'> (0x000000076b09d5c8) thrown at [/System/Volumes/Data/jenkins/workspace/8-2-build-macosx-x86_64/jdk8u291/1294/hotspot/src/share/vm/prims/jvm.cpp, line 1523]
Event: 1.223 Thread 0x00007ff9b486f000 Exception <a 'java/security/PrivilegedActionException'> (0x000000076b09d9c0) thrown at [/System/Volumes/Data/jenkins/workspace/8-2-build-macosx-x86_64/jdk8u291/1294/hotspot/src/share/vm/prims/jvm.cpp, line 1523]
Event: 1.224 Thread 0x00007ff9b486f000 Exception <a 'java/security/PrivilegedActionException'> (0x000000076b0a0ed8) thrown at [/System/Volumes/Data/jenkins/workspace/8-2-build-macosx-x86_64/jdk8u291/1294/hotspot/src/share/vm/prims/jvm.cpp, line 1523]
Event: 1.224 Thread 0x00007ff9b486f000 Exception <a 'java/security/PrivilegedActionException'> (0x000000076b0a12d0) thrown at [/System/Volumes/Data/jenkins/workspace/8-2-build-macosx-x86_64/jdk8u291/1294/hotspot/src/share/vm/prims/jvm.cpp, line 1523]

Events (10 events):
Event: 1.228 loading class sun/util/resources/TimeZoneNamesBundle done
Event: 1.228 loading class sun/util/resources/TimeZoneNames done
Event: 1.228 loading class java/util/ResourceBundle$BundleReference
Event: 1.228 loading class java/util/ResourceBundle$BundleReference done
Event: 1.228 loading class sun/util/resources/en/TimeZoneNames_en
Event: 1.228 loading class sun/util/resources/en/TimeZoneNames_en done
Event: 1.228 loading class java/util/LinkedHashMap$LinkedKeySet
Event: 1.228 loading class java/util/LinkedHashMap$LinkedKeySet done
Event: 1.229 loading class sun/util/locale/provider/LocaleResources$ResourceReference
Event: 1.229 loading class sun/util/locale/provider/LocaleResources$ResourceReference done


Dynamic libraries:
0x00007ffdffd06000 	/Library/Apple/usr/libexec/oah/runtime
0x00007fff35284000 	/System/Library/Frameworks/Cocoa.framework/Versions/A/Cocoa
0x00007fff2212c000 	/System/Library/Frameworks/Security.framework/Versions/A/Security
0x00007fff33481000 	/System/Library/Frameworks/ApplicationServices.framework/Versions/A/ApplicationServices
0x00007fff2a5d2000 	/usr/lib/libz.1.dylib
0x00007fff2a69e000 	/usr/lib/libSystem.B.dylib
0x00007fff203bd000 	/System/Library/Frameworks/CoreFoundation.framework/Versions/A/CoreFoundation
0x00007fff2109f000 	/System/Library/Frameworks/Foundation.framework/Versions/C/Foundation
0x00007fff201dc000 	/usr/lib/libobjc.A.dylib
0x00007fff22b53000 	/System/Library/Frameworks/AppKit.framework/Versions/C/AppKit
0x00007fff25a11000 	/System/Library/Frameworks/CoreData.framework/Versions/A/CoreData
0x00007fff238b6000 	/System/Library/PrivateFrameworks/UIFoundation.framework/Versions/A/UIFoundation
0x00007fff2fe60000 	/System/Library/PrivateFrameworks/RemoteViewServices.framework/Versions/A/RemoteViewServices
0x00007fff28bed000 	/System/Library/PrivateFrameworks/XCTTargetBootstrap.framework/Versions/A/XCTTargetBootstrap
0x00007fff2b93c000 	/usr/lib/libspindump.dylib
0x00007fff23b0b000 	/System/Library/Frameworks/UniformTypeIdentifiers.framework/Versions/A/UniformTypeIdentifiers
0x00007fff273c3000 	/usr/lib/libapp_launch_measurement.dylib
0x00007fff273c6000 	/System/Library/PrivateFrameworks/CoreAutoLayout.framework/Versions/A/CoreAutoLayout
0x00007fff2854f000 	/System/Library/Frameworks/Metal.framework/Versions/A/Metal
0x00007fff29243000 	/usr/lib/liblangid.dylib
0x00007fff28bf1000 	/System/Library/PrivateFrameworks/CoreSVG.framework/Versions/A/CoreSVG
0x00007fff24af2000 	/System/Library/PrivateFrameworks/SkyLight.framework/Versions/A/SkyLight
0x00007fff24e59000 	/System/Library/Frameworks/CoreGraphics.framework/Versions/A/CoreGraphics
0x00007fff304b7000 	/System/Library/Frameworks/Accelerate.framework/Versions/A/Accelerate
0x00007fff2b377000 	/System/Library/PrivateFrameworks/IconServices.framework/Versions/A/IconServices
0x00007fff28534000 	/System/Library/Frameworks/IOSurface.framework/Versions/A/IOSurface
0x00007fff263a3000 	/usr/lib/libDiagnosticMessagesClient.dylib
0x00007fff28bd9000 	/System/Library/PrivateFrameworks/DFRFoundation.framework/Versions/A/DFRFoundation
0x00007fff2247e000 	/usr/lib/libicucore.A.dylib
0x00007fff2ce81000 	/System/Library/Frameworks/AudioToolbox.framework/Versions/A/AudioToolbox
0x00007fff2c126000 	/System/Library/PrivateFrameworks/DataDetectorsCore.framework/Versions/A/DataDetectorsCore
0x00007fff288d9000 	/System/Library/Frameworks/Carbon.framework/Versions/A/Frameworks/HIToolbox.framework/Versions/A/HIToolbox
0x00007fff26e1e000 	/System/Library/Frameworks/QuartzCore.framework/Versions/A/QuartzCore
0x00007fff2fe9c000 	/System/Library/Frameworks/Carbon.framework/Versions/A/Frameworks/SpeechRecognition.framework/Versions/A/SpeechRecognition
0x00007fff2712b000 	/System/Library/PrivateFrameworks/CoreUI.framework/Versions/A/CoreUI
0x00007fff21a87000 	/System/Library/Frameworks/CoreAudio.framework/Versions/A/CoreAudio
0x00007fff2648e000 	/System/Library/Frameworks/DiskArbitration.framework/Versions/A/DiskArbitration
0x00007fff2bd36000 	/System/Library/PrivateFrameworks/MultitouchSupport.framework/Versions/A/MultitouchSupport
0x00007fff2c11d000 	/System/Library/PrivateFrameworks/InternationalSupport.framework/Versions/A/InternationalSupport
0x00007fff24a66000 	/usr/lib/libenergytrace.dylib
0x00007fff22a4c000 	/System/Library/Frameworks/IOKit.framework/Versions/A/IOKit
0x00007fff301e9000 	/System/Library/Frameworks/CoreServices.framework/Versions/A/CoreServices
0x00007fff27359000 	/System/Library/PrivateFrameworks/PerformanceAnalysis.framework/Versions/A/PerformanceAnalysis
0x00007fff6cb5f000 	/System/Library/Frameworks/OpenGL.framework/Versions/A/OpenGL
0x00007fff2c1a2000 	/System/Library/PrivateFrameworks/UserActivity.framework/Versions/A/UserActivity
0x00007fff25513000 	/System/Library/Frameworks/ColorSync.framework/Versions/A/ColorSync
0x00007fff28e5a000 	/System/Library/Frameworks/CoreImage.framework/Versions/A/CoreImage
0x00007fff2189e000 	/System/Library/Frameworks/CoreText.framework/Versions/A/CoreText
0x00007fff28c1b000 	/System/Library/Frameworks/ImageIO.framework/Versions/A/ImageIO
0x00007fff2a6a4000 	/System/Library/PrivateFrameworks/SoftLinking.framework/Versions/A/SoftLinking
0x00007fff2740f000 	/usr/lib/libxml2.2.dylib
0x00007fff202a2000 	/usr/lib/libc++.1.dylib
0x00007fff2a916000 	/usr/lib/libcompression.dylib
0x00007fff24a67000 	/usr/lib/libMobileGestalt.dylib
0x00007fff2c050000 	/System/Library/PrivateFrameworks/TextureIO.framework/Versions/A/TextureIO
0x00007fff2b004000 	/usr/lib/libate.dylib
0x00007fff2a698000 	/usr/lib/system/libcache.dylib
0x00007fff2a654000 	/usr/lib/system/libcommonCrypto.dylib
0x00007fff2a67e000 	/usr/lib/system/libcompiler_rt.dylib
0x00007fff2a673000 	/usr/lib/system/libcopyfile.dylib
0x00007fff200ca000 	/usr/lib/system/libcorecrypto.dylib
0x00007fff20197000 	/usr/lib/system/libdispatch.dylib
0x00007fff2034c000 	/usr/lib/system/libdyld.dylib
0x00007fff2a68f000 	/usr/lib/system/libkeymgr.dylib
0x00007fff2dc33000 	/usr/lib/system/liblaunch.dylib
0x00007fff2a632000 	/usr/lib/system/libmacho.dylib
0x00007fff29e47000 	/usr/lib/system/libquarantine.dylib
0x00007fff2a68c000 	/usr/lib/system/libremovefile.dylib
0x00007fff24ac3000 	/usr/lib/system/libsystem_asl.dylib
0x00007fff2007a000 	/usr/lib/system/libsystem_blocks.dylib
0x00007fff20219000 	/usr/lib/system/libsystem_c.dylib
0x00007fff2a686000 	/usr/lib/system/libsystem_collections.dylib
0x00007fff29234000 	/usr/lib/system/libsystem_configuration.dylib
0x00007fff28523000 	/usr/lib/system/libsystem_containermanager.dylib
0x00007fff2a3ca000 	/usr/lib/system/libsystem_coreservices.dylib
0x00007fff226e0000 	/usr/lib/system/libsystem_darwin.dylib
0x00007fff2a690000 	/usr/lib/system/libsystem_dnssd.dylib
0x00007fff20216000 	/usr/lib/system/libsystem_featureflags.dylib
0x00007fff20391000 	/usr/lib/system/libsystem_info.dylib
0x00007fff2a5e5000 	/usr/lib/system/libsystem_m.dylib
0x00007fff2016a000 	/usr/lib/system/libsystem_malloc.dylib
0x00007fff24a57000 	/usr/lib/system/libsystem_networkextension.dylib
0x00007fff22afb000 	/usr/lib/system/libsystem_notify.dylib
0x00007fff300e7000 	/usr/lib/system/libsystem_product_info_filter.dylib
0x00007fff29238000 	/usr/lib/system/libsystem_sandbox.dylib
0x00007fff2a689000 	/usr/lib/system/libsystem_secinit.dylib
0x00007fff20311000 	/usr/lib/system/libsystem_kernel.dylib
0x00007fff20387000 	/usr/lib/system/libsystem_platform.dylib
0x00007fff20340000 	/usr/lib/system/libsystem_pthread.dylib
0x00007fff261f1000 	/usr/lib/system/libsystem_symptoms.dylib
0x00007fff200b2000 	/usr/lib/system/libsystem_trace.dylib
0x00007fff2a660000 	/usr/lib/system/libunwind.dylib
0x00007fff2007c000 	/usr/lib/system/libxpc.dylib
0x00007fff202f8000 	/usr/lib/libc++abi.dylib
0x00007fff2a66b000 	/usr/lib/liboah.dylib
0x00007fff2ad2f000 	/usr/lib/liblzma.5.dylib
0x00007fff20db3000 	/System/Library/Frameworks/SystemConfiguration.framework/Versions/A/SystemConfiguration
0x00007fff2a6a0000 	/usr/lib/libfakelink.dylib
0x00007fff245b9000 	/System/Library/Frameworks/CFNetwork.framework/Versions/A/CFNetwork
0x00007fff2a7e0000 	/usr/lib/libarchive.2.dylib
0x00007fff20e31000 	/usr/lib/libCRFSuite.dylib
0x00007fff29e6e000 	/usr/lib/libbsm.0.dylib
0x00007fff23f75000 	/usr/lib/libnetwork.dylib
0x00007fff2a6a5000 	/usr/lib/libpcap.A.dylib
0x00007fff261ea000 	/usr/lib/libdns_services.dylib
0x00007fff2ad48000 	/usr/lib/libcoretls_cfhelpers.dylib
0x00007fff2a8e4000 	/usr/lib/libapple_nghttp2.dylib
0x00007fff2a638000 	/usr/lib/system/libkxld.dylib
0x00007fff25e58000 	/usr/lib/libsqlite3.dylib
0x00007fff2a3ac000 	/System/Library/PrivateFrameworks/AppleFSCompression.framework/Versions/A/AppleFSCompression
0x00007fff29e56000 	/usr/lib/libcoretls.dylib
0x00007fff2a911000 	/usr/lib/libpam.2.dylib
0x00007fff2ae45000 	/usr/lib/libxar.1.dylib
0x00007fff2923f000 	/System/Library/PrivateFrameworks/AppleSystemInfo.framework/Versions/A/AppleSystemInfo
0x00007fff29a99000 	/System/Library/PrivateFrameworks/IOMobileFramebuffer.framework/Versions/A/IOMobileFramebuffer
0x00007fff2a3bc000 	/usr/lib/libbz2.1.0.dylib
0x00007fff2a6dd000 	/usr/lib/libiconv.2.dylib
0x00007fff2a631000 	/usr/lib/libcharset.1.dylib
0x00007fff27395000 	/System/Library/Frameworks/CoreServices.framework/Versions/A/Frameworks/FSEvents.framework/Versions/A/FSEvents
0x00007fff226ea000 	/System/Library/Frameworks/CoreServices.framework/Versions/A/Frameworks/CarbonCore.framework/Versions/A/CarbonCore
0x00007fff263f3000 	/System/Library/Frameworks/CoreServices.framework/Versions/A/Frameworks/Metadata.framework/Versions/A/Metadata
0x00007fff2a3cf000 	/System/Library/Frameworks/CoreServices.framework/Versions/A/Frameworks/OSServices.framework/Versions/A/OSServices
0x00007fff2a852000 	/System/Library/Frameworks/CoreServices.framework/Versions/A/Frameworks/SearchKit.framework/Versions/A/SearchKit
0x00007fff26174000 	/System/Library/Frameworks/CoreServices.framework/Versions/A/Frameworks/AE.framework/Versions/A/AE
0x00007fff20859000 	/System/Library/Frameworks/CoreServices.framework/Versions/A/Frameworks/LaunchServices.framework/Versions/A/LaunchServices
0x00007fff2ace0000 	/System/Library/Frameworks/CoreServices.framework/Versions/A/Frameworks/DictionaryServices.framework/Versions/A/DictionaryServices
0x00007fff2739e000 	/System/Library/Frameworks/CoreServices.framework/Versions/A/Frameworks/SharedFileList.framework/Versions/A/SharedFileList
0x00007fff29e4a000 	/usr/lib/libCheckFix.dylib
0x00007fff24ada000 	/System/Library/PrivateFrameworks/TCC.framework/Versions/A/TCC
0x00007fff29245000 	/System/Library/PrivateFrameworks/CoreNLP.framework/Versions/A/CoreNLP
0x00007fff263a6000 	/System/Library/PrivateFrameworks/MetadataUtilities.framework/Versions/A/MetadataUtilities
0x00007fff20e67000 	/usr/lib/libmecabra.dylib
0x00007fff2a15e000 	/System/Library/Frameworks/MLCompute.framework/Versions/A/MLCompute
0x00007fff29e7f000 	/usr/lib/libmecab.dylib
0x00007fff29ec9000 	/usr/lib/libgermantok.dylib
0x00007fff2a8ba000 	/usr/lib/libThaiTokenizer.dylib
0x00007fff2ae80000 	/usr/lib/libChineseTokenizer.dylib
0x00007fff2a90f000 	/System/Library/Frameworks/MetalPerformanceShaders.framework/Versions/A/MetalPerformanceShaders
0x00007fff26495000 	/System/Library/Frameworks/Accelerate.framework/Versions/A/Frameworks/vImage.framework/Versions/A/vImage
0x00007fff301c2000 	/System/Library/Frameworks/Accelerate.framework/Versions/A/Frameworks/vecLib.framework/Versions/A/vecLib
0x00007fff2ae8b000 	/System/Library/Frameworks/Accelerate.framework/Versions/A/Frameworks/vecLib.framework/Versions/A/libvMisc.dylib
0x00007fff298f5000 	/System/Library/Frameworks/Accelerate.framework/Versions/A/Frameworks/vecLib.framework/Versions/A/libvDSP.dylib
0x00007fff20b5d000 	/System/Library/Frameworks/Accelerate.framework/Versions/A/Frameworks/vecLib.framework/Versions/A/libBLAS.dylib
0x00007fff2a935000 	/System/Library/Frameworks/Accelerate.framework/Versions/A/Frameworks/vecLib.framework/Versions/A/libLAPACK.dylib
0x00007fff29ecf000 	/System/Library/Frameworks/Accelerate.framework/Versions/A/Frameworks/vecLib.framework/Versions/A/libLinearAlgebra.dylib
0x00007fff2a8fc000 	/System/Library/Frameworks/Accelerate.framework/Versions/A/Frameworks/vecLib.framework/Versions/A/libSparseBLAS.dylib
0x00007fff2a92f000 	/System/Library/Frameworks/Accelerate.framework/Versions/A/Frameworks/vecLib.framework/Versions/A/libQuadrature.dylib
0x00007fff292ed000 	/System/Library/Frameworks/Accelerate.framework/Versions/A/Frameworks/vecLib.framework/Versions/A/libBNNS.dylib
0x00007fff20d44000 	/System/Library/Frameworks/Accelerate.framework/Versions/A/Frameworks/vecLib.framework/Versions/A/libSparse.dylib
0x00007fff291d8000 	/System/Library/Frameworks/MetalPerformanceShaders.framework/Versions/A/Frameworks/MPSCore.framework/Versions/A/MPSCore
0x00007fff2a31b000 	/System/Library/Frameworks/MetalPerformanceShaders.framework/Versions/A/Frameworks/MPSImage.framework/Versions/A/MPSImage
0x00007fff29ee6000 	/System/Library/Frameworks/MetalPerformanceShaders.framework/Versions/A/Frameworks/MPSNeuralNetwork.framework/Versions/A/MPSNeuralNetwork
0x00007fff2a2a6000 	/System/Library/Frameworks/MetalPerformanceShaders.framework/Versions/A/Frameworks/MPSMatrix.framework/Versions/A/MPSMatrix
0x00007fff2a10e000 	/System/Library/Frameworks/MetalPerformanceShaders.framework/Versions/A/Frameworks/MPSRayIntersector.framework/Versions/A/MPSRayIntersector
0x00007fff2a2dd000 	/System/Library/Frameworks/MetalPerformanceShaders.framework/Versions/A/Frameworks/MPSNDArray.framework/Versions/A/MPSNDArray
0x00007fff20a89000 	/System/Library/PrivateFrameworks/MetalTools.framework/Versions/A/MetalTools
0x00007fff2923d000 	/System/Library/PrivateFrameworks/AggregateDictionary.framework/Versions/A/AggregateDictionary
0x00007fff2637e000 	/System/Library/PrivateFrameworks/CoreAnalytics.framework/Versions/A/CoreAnalytics
0x00007fff2a8bc000 	/System/Library/PrivateFrameworks/AppleSauce.framework/Versions/A/AppleSauce
0x00007fff28546000 	/System/Library/PrivateFrameworks/IOAccelerator.framework/Versions/A/IOAccelerator
0x00007fff6cb53000 	/System/Library/Frameworks/OpenGL.framework/Versions/A/Libraries/libCoreFSCache.dylib
0x00007fff21403000 	/System/Library/PrivateFrameworks/LanguageModeling.framework/Versions/A/LanguageModeling
0x00007fff29a86000 	/System/Library/PrivateFrameworks/CoreEmoji.framework/Versions/A/CoreEmoji
0x00007fff292e6000 	/System/Library/PrivateFrameworks/LinguisticData.framework/Versions/A/LinguisticData
0x00007fff20cf6000 	/System/Library/PrivateFrameworks/Lexicon.framework/Versions/A/Lexicon
0x00007fff2a7ce000 	/usr/lib/libcmph.dylib
0x00007fff27375000 	/System/Library/Frameworks/OpenDirectory.framework/Versions/A/Frameworks/CFOpenDirectory.framework/Versions/A/CFOpenDirectory
0x00007fff27365000 	/System/Library/Frameworks/OpenDirectory.framework/Versions/A/OpenDirectory
0x00007fff2ad4a000 	/System/Library/PrivateFrameworks/APFS.framework/Versions/A/APFS
0x00007fff29dab000 	/System/Library/Frameworks/SecurityFoundation.framework/Versions/A/SecurityFoundation
0x00007fff2ae53000 	/usr/lib/libutil.dylib
0x00007fff22a11000 	/System/Library/PrivateFrameworks/CoreServicesStore.framework/Versions/A/CoreServicesStore
0x00007fff29e42000 	/System/Library/Frameworks/ServiceManagement.framework/Versions/A/ServiceManagement
0x00007fff2ae57000 	/usr/lib/libxslt.1.dylib
0x00007fff29e38000 	/System/Library/PrivateFrameworks/BackgroundTaskManagement.framework/Versions/A/BackgroundTaskManagement
0x00007fff2bf9b000 	/System/Library/Frameworks/ImageIO.framework/Versions/A/Resources/libRadiance.dylib
0x00007fff2bfa4000 	/System/Library/Frameworks/ImageIO.framework/Versions/A/Resources/libJPEG.dylib
0x00007fff2bef0000 	/System/Library/Frameworks/ImageIO.framework/Versions/A/Resources/libPng.dylib
0x00007fff2bf17000 	/System/Library/Frameworks/ImageIO.framework/Versions/A/Resources/libTIFF.dylib
0x00007fff2bff9000 	/System/Library/Frameworks/ImageIO.framework/Versions/A/Resources/libGIF.dylib
0x00007fff2bc54000 	/System/Library/Frameworks/ImageIO.framework/Versions/A/Resources/libJP2.dylib
0x00007fff2b33e000 	/usr/lib/libexpat.1.dylib
0x00007fff2bc09000 	/System/Library/PrivateFrameworks/AppleJPEG.framework/Versions/A/AppleJPEG
0x00007fff2877c000 	/System/Library/PrivateFrameworks/FontServices.framework/libFontParser.dylib
0x00007fff26128000 	/System/Library/PrivateFrameworks/RunningBoardServices.framework/Versions/A/RunningBoardServices
0x00007fff2bd32000 	/System/Library/PrivateFrameworks/WatchdogClient.framework/Versions/A/WatchdogClient
0x00007fff214f0000 	/System/Library/Frameworks/CoreDisplay.framework/Versions/A/CoreDisplay
0x00007fff28692000 	/System/Library/Frameworks/CoreMedia.framework/Versions/A/CoreMedia
0x00007fff274f2000 	/System/Library/Frameworks/CoreVideo.framework/Versions/A/CoreVideo
0x00007fff2bd6a000 	/System/Library/Frameworks/VideoToolbox.framework/Versions/A/VideoToolbox
0x00007fff260a6000 	/System/Library/PrivateFrameworks/BaseBoard.framework/Versions/A/BaseBoard
0x00007fff2b483000 	/System/Library/PrivateFrameworks/PersistentConnection.framework/Versions/A/PersistentConnection
0x00007fff25e41000 	/System/Library/PrivateFrameworks/ProtocolBuffer.framework/Versions/A/ProtocolBuffer
0x00007fff2608d000 	/System/Library/PrivateFrameworks/CommonUtilities.framework/Versions/A/CommonUtilities
0x00007fff2bb9e000 	/System/Library/PrivateFrameworks/Bom.framework/Versions/A/Bom
0x00007fff2bf94000 	/System/Library/PrivateFrameworks/GPUWrangler.framework/Versions/A/GPUWrangler
0x00007fff2bf77000 	/System/Library/PrivateFrameworks/IOPresentment.framework/Versions/A/IOPresentment
0x00007fff2bf9e000 	/System/Library/PrivateFrameworks/DSExternalDisplay.framework/Versions/A/DSExternalDisplay
0x00007fff2bffe000 	/System/Library/PrivateFrameworks/CMCaptureCore.framework/Versions/A/CMCaptureCore
0x00007fff2b923000 	/System/Library/PrivateFrameworks/AppServerSupport.framework/Versions/A/AppServerSupport
0x00007fff2d9d2000 	/System/Library/PrivateFrameworks/perfdata.framework/Versions/A/perfdata
0x00007fff29d9a000 	/System/Library/PrivateFrameworks/AssertionServices.framework/Versions/A/AssertionServices
0x00007fff21627000 	/System/Library/PrivateFrameworks/AudioToolboxCore.framework/Versions/A/AudioToolboxCore
0x00007fff28675000 	/System/Library/PrivateFrameworks/caulk.framework/Versions/A/caulk
0x00007fff3d67d000 	/System/Library/PrivateFrameworks/SystemPolicy.framework/Versions/A/SystemPolicy
0x00007fff2b133000 	/usr/lib/libIOReport.dylib
0x00007fff2d1f4000 	/usr/lib/libSMC.dylib
0x00007fff2bebd000 	/usr/lib/libAudioToolboxUtility.dylib
0x00007fff3dfe7000 	/usr/lib/libmis.dylib
0x00007fff6cbaf000 	/System/Library/Frameworks/OpenGL.framework/Versions/A/Libraries/libGLU.dylib
0x00007fff6cb72000 	/System/Library/Frameworks/OpenGL.framework/Versions/A/Libraries/libGFXShared.dylib
0x00007fff6cd81000 	/System/Library/Frameworks/OpenGL.framework/Versions/A/Libraries/libGL.dylib
0x00007fff6cb7b000 	/System/Library/Frameworks/OpenGL.framework/Versions/A/Libraries/libGLImage.dylib
0x00007fff6cb6f000 	/System/Library/Frameworks/OpenGL.framework/Versions/A/Libraries/libCVMSPluginSupport.dylib
0x00007fff6cb5a000 	/System/Library/Frameworks/OpenGL.framework/Versions/A/Libraries/libCoreVMClient.dylib
0x00007fff6e1c2000 	/System/Library/Frameworks/OpenCL.framework/Versions/A/OpenCL
0x00007fff2b4ad000 	/System/Library/PrivateFrameworks/GraphVisualizer.framework/Versions/A/GraphVisualizer
0x00007fff2b4bc000 	/System/Library/PrivateFrameworks/FaceCore.framework/Versions/A/FaceCore
0x00007fff2b8d8000 	/System/Library/PrivateFrameworks/OTSVG.framework/Versions/A/OTSVG
0x00007fff270e9000 	/System/Library/Frameworks/ApplicationServices.framework/Versions/A/Frameworks/ATS.framework/Versions/A/Resources/libFontRegistry.dylib
0x00007fff2b92a000 	/System/Library/PrivateFrameworks/FontServices.framework/libhvf.dylib
0x00007fff2b2ea000 	/System/Library/PrivateFrameworks/AppleVA.framework/Versions/A/AppleVA
0x00007fff2d03d000 	/System/Library/Frameworks/ApplicationServices.framework/Versions/A/Frameworks/ATS.framework/Versions/A/ATS
0x00007fff2d34f000 	/System/Library/Frameworks/ApplicationServices.framework/Versions/A/Frameworks/ColorSyncLegacy.framework/Versions/A/ColorSyncLegacy
0x00007fff2560a000 	/System/Library/Frameworks/ApplicationServices.framework/Versions/A/Frameworks/HIServices.framework/Versions/A/HIServices
0x00007fff2d334000 	/System/Library/Frameworks/ApplicationServices.framework/Versions/A/Frameworks/LangAnalysis.framework/Versions/A/LangAnalysis
0x00007fff2c008000 	/System/Library/Frameworks/ApplicationServices.framework/Versions/A/Frameworks/PrintCore.framework/Versions/A/PrintCore
0x00007fff2d357000 	/System/Library/Frameworks/ApplicationServices.framework/Versions/A/Frameworks/QD.framework/Versions/A/QD
0x00007fff2d02d000 	/System/Library/Frameworks/ApplicationServices.framework/Versions/A/Frameworks/SpeechSynthesis.framework/Versions/A/SpeechSynthesis
0x00007fff2bfc9000 	/System/Library/Frameworks/ApplicationServices.framework/Versions/A/Frameworks/ATSUI.framework/Versions/A/ATSUI
0x00007fff2d2d4000 	/usr/lib/libcups.2.dylib
0x00007fff2d344000 	/System/Library/PrivateFrameworks/NetAuth.framework/Versions/A/NetAuth
0x00007fff2d9ee000 	/System/Library/Frameworks/Kerberos.framework/Versions/A/Kerberos
0x00007fff2d9fe000 	/System/Library/Frameworks/GSS.framework/Versions/A/GSS
0x00007fff2d0a9000 	/usr/lib/libresolv.9.dylib
0x00007fff2b93f000 	/System/Library/PrivateFrameworks/Heimdal.framework/Versions/A/Heimdal
0x00007fff33782000 	/System/Library/Frameworks/Kerberos.framework/Versions/A/Libraries/libHeimdalProxy.dylib
0x00007fff261f9000 	/System/Library/Frameworks/Network.framework/Versions/A/Network
0x00007fff2b358000 	/usr/lib/libheimdal-asn1.dylib
0x00007fff2da4e000 	/System/Library/PrivateFrameworks/CommonAuth.framework/Versions/A/CommonAuth
0x00007fff2753f000 	/System/Library/PrivateFrameworks/login.framework/Versions/A/Frameworks/loginsupport.framework/Versions/A/loginsupport
0x00007fff2cfb2000 	/System/Library/PrivateFrameworks/AudioSession.framework/Versions/A/AudioSession
0x00007fff2d01a000 	/usr/lib/libAudioStatistics.dylib
0x00007fff2b3e5000 	/System/Library/PrivateFrameworks/MediaExperience.framework/Versions/A/MediaExperience
0x00007fff2ce4f000 	/System/Library/PrivateFrameworks/AudioSession.framework/libSessionUtility.dylib
0x00007fff2d9df000 	/usr/lib/libperfcheck.dylib
0x00007fff2d363000 	/System/Library/PrivateFrameworks/AudioResourceArbitration.framework/Versions/A/AudioResourceArbitration
0x00007fff2b362000 	/System/Library/PrivateFrameworks/IconFoundation.framework/Versions/A/IconFoundation
0x00007fff2fe8c000 	/System/Library/PrivateFrameworks/SpeechRecognitionCore.framework/Versions/A/SpeechRecognitionCore
0x00007fff5df89000 	/System/Library/CoreServices/Encodings/libKoreanConverter.dylib
0x000000010e800000 	/Library/Java/JavaVirtualMachines/jdk1.8.0_291.jdk/Contents/Home/jre/lib/server/libjvm.dylib
0x000000010a65a000 	/Library/Java/JavaVirtualMachines/jdk1.8.0_291.jdk/Contents/Home/jre/lib/libverify.dylib
0x000000010a67f000 	/Library/Java/JavaVirtualMachines/jdk1.8.0_291.jdk/Contents/Home/jre/lib/libjava.dylib
0x000000010a6f7000 	/Library/Java/JavaVirtualMachines/jdk1.8.0_291.jdk/Contents/Home/jre/lib/libinstrument.dylib
0x000000010a794000 	/Library/Java/JavaVirtualMachines/jdk1.8.0_291.jdk/Contents/Home/jre/lib/libzip.dylib
0x000000012b77d000 	/Library/Java/JavaVirtualMachines/jdk1.8.0_291.jdk/Contents/Home/jre/lib/libnet.dylib

VM Arguments:
jvm_args: -javaagent:/Applications/IntelliJ IDEA CE.app/Contents/lib/idea_rt.jar=51151:/Applications/IntelliJ IDEA CE.app/Contents/bin -Dfile.encoding=UTF-8 
java_command: com.algo.twopointer.A15961
java_class_path (initial): /Library/Java/JavaVirtualMachines/jdk1.8.0_291.jdk/Contents/Home/jre/lib/charsets.jar:/Library/Java/JavaVirtualMachines/jdk1.8.0_291.jdk/Contents/Home/jre/lib/deploy.jar:/Library/Java/JavaVirtualMachines/jdk1.8.0_291.jdk/Contents/Home/jre/lib/ext/cldrdata.jar:/Library/Java/JavaVirtualMachines/jdk1.8.0_291.jdk/Contents/Home/jre/lib/ext/dnsns.jar:/Library/Java/JavaVirtualMachines/jdk1.8.0_291.jdk/Contents/Home/jre/lib/ext/jaccess.jar:/Library/Java/JavaVirtualMachines/jdk1.8.0_291.jdk/Contents/Home/jre/lib/ext/jfxrt.jar:/Library/Java/JavaVirtualMachines/jdk1.8.0_291.jdk/Contents/Home/jre/lib/ext/localedata.jar:/Library/Java/JavaVirtualMachines/jdk1.8.0_291.jdk/Contents/Home/jre/lib/ext/nashorn.jar:/Library/Java/JavaVirtualMachines/jdk1.8.0_291.jdk/Contents/Home/jre/lib/ext/sunec.jar:/Library/Java/JavaVirtualMachines/jdk1.8.0_291.jdk/Contents/Home/jre/lib/ext/sunjce_provider.jar:/Library/Java/JavaVirtualMachines/jdk1.8.0_291.jdk/Contents/Home/jre/lib/ext/sunpkcs11.jar:/Library/Java/JavaVirtualMachines/jdk1.8.0_291.jdk/Contents/Home/jre/lib/ext/zipfs.jar:/Library/Java/JavaVirtualMachines/jdk1.8.0_291.jdk/Contents/Home/jre/lib/javaws.jar:/Library/Java/JavaVirtualMachines/jdk1.8.0_291.jdk/Contents/Home/jre/lib/jce.jar:/Library/Java/JavaVirtualMachines/jdk1.8.0_291.jdk/Contents/Home/jre/lib/jfr.jar:/Library/Java/JavaVirtualMachines/jdk1.8.0_291.jdk/Contents/Home/jre/lib/jfxswt.jar:/Library/Java/JavaVirtualMachines/jdk1.8.0_291.jdk/Contents/Home/jre/lib/jsse.jar:/Library/Java/JavaVirtualMachines/jdk1.8.0_291.jdk/Contents/Home/jre/lib/management-agent.jar:/Library/Java/JavaVirtualMachines/jdk1.8.0_291.jdk/Contents/Home/jre/lib/plugin.jar:/Library/Java/JavaVirtualMachines/jdk1.8.0_291.jdk/Contents/Home/jre/lib/resources.jar:/Library/Java/JavaVirtualMachines/jdk1.8.0_291.jdk/Contents/Home/jre/lib/rt.jar:/Library/Java/JavaVirtualMachines/jdk1.8.0_291.jdk/Contents/Home/lib/ant-javafx.jar:/Library/Java/JavaVirtualMachines/jdk1.8.0_291.jdk/Contents/Home
Launcher Type: SUN_STANDARD

Environment Variables:
JAVA_HOME=/Library/Java/JavaVirtualMachines/jdk1.8.0_291.jdk/Contents/Home
PATH=/opt/homebrew/bin:/usr/local/bin:/usr/bin:/bin:/usr/sbin:/sbin
SHELL=/bin/zsh

Signal Handlers:
SIGSEGV: [libjvm.dylib+0x59afc1], sa_mask[0]=11111111111111111111111111111111, sa_flags=SA_ONSTACK|SA_RESTART|SA_SIGINFO
SIGBUS: [libjvm.dylib+0x59afc1], sa_mask[0]=11111111111111111111111111111111, sa_flags=SA_RESTART|SA_SIGINFO
SIGFPE: [libjvm.dylib+0x48e907], sa_mask[0]=11111111111111111111111111111111, sa_flags=SA_RESTART|SA_SIGINFO
SIGPIPE: [libjvm.dylib+0x48e907], sa_mask[0]=11111111111111111111111111111111, sa_flags=SA_RESTART|SA_SIGINFO
SIGXFSZ: [libjvm.dylib+0x48e907], sa_mask[0]=11111111111111111111111111111111, sa_flags=SA_RESTART|SA_SIGINFO
SIGILL: [libjvm.dylib+0x48e907], sa_mask[0]=11111111111111111111111111111111, sa_flags=SA_RESTART|SA_SIGINFO
SIGUSR1: SIG_DFL, sa_mask[0]=00000000000000000000000000000000, sa_flags=none
SIGUSR2: [libjvm.dylib+0x48f1f6], sa_mask[0]=00100000000000000000000000000000, sa_flags=SA_RESTART|SA_SIGINFO
SIGHUP: [libjvm.dylib+0x48d453], sa_mask[0]=11111111111111111111111111111111, sa_flags=SA_RESTART|SA_SIGINFO
SIGINT: [libjvm.dylib+0x48d453], sa_mask[0]=11111111111111111111111111111111, sa_flags=SA_RESTART|SA_SIGINFO
SIGTERM: [libjvm.dylib+0x48d453], sa_mask[0]=11111111111111111111111111111111, sa_flags=SA_RESTART|SA_SIGINFO
SIGQUIT: [libjvm.dylib+0x48d453], sa_mask[0]=11111111111111111111111111111111, sa_flags=SA_RESTART|SA_SIGINFO


---------------  S Y S T E M  ---------------

OS:Bsduname:Darwin 20.3.0 Darwin Kernel Version 20.3.0: Thu Jan 21 00:06:51 PST 2021; root:xnu-7195.81.3~1/RELEASE_ARM64_T8101 x86_64
rlimit: STACK 8176k, CORE 0k, NPROC 2666, NOFILE 10240, AS infinity
load average:1.92 1.99 2.00

CPU:total 8 (initial active 8) (1 cores per cpu, 1 threads per core) family 6 model 44 stepping 0, cmov, cx8, fxsr, mmx, sse, sse2, sse3, ssse3, sse4.1, sse4.2, popcnt, aes, clmul, tsc, tscinvbit, tscinv

Memory: 4k page, physical 16777216k(85780k free)

/proc/meminfo:


vm_info: Java HotSpot(TM) 64-Bit Server VM (25.291-b10) for bsd-amd64 JRE (1.8.0_291-b10), built on Apr  8 2021 02:17:24 by "java_re" with gcc 4.2.1 Compatible Apple LLVM 11.0.0 (clang-1100.0.33.17)

time: Sat Jun 12 17:37:47 2021
timezone: KST
elapsed time: 1.381022 seconds (0d 0h 0m 1s)

